---
driver=<class 'textual.drivers.linux_driver.LinuxDriver'>
Load() >>> TiptopApp(title='Textual')
Mount() >>> TiptopApp(title='Textual Application')
Mount() >>> DockView(name='DockView#1')
Mount() >>> View(name='View#1')
Mount() >>> InfoLine(name='InfoLine#1')
Mount() >>> CPU(name='CPU#1')
Mount() >>> Mem(name='Mem#1')
Mount() >>> Net(name='Net#1')
Mount() >>> ProcsList(name='ProcsList#1')
view.forwarded Key(key='enter')
Key(key='enter') >>> TiptopApp(title='Textual Application')
set_focus InfoLine(name='InfoLine#1')
MouseDown(x=73, y=0, button=1) >>> InfoLine(name='InfoLine#1')
MouseUp(x=73, y=0, button=1) >>> InfoLine(name='InfoLine#1')
Click(x=73, y=0, button=1) >>> InfoLine(name='InfoLine#1')
set_focus CPU(name='CPU#1')
MouseDown(x=64, y=3, screen_y=4, button=1) >>> CPU(name='CPU#1')
MouseUp(x=64, y=3, screen_y=4, button=1) >>> CPU(name='CPU#1')
Click(x=64, y=3, screen_y=4, button=1) >>> CPU(name='CPU#1')
Key(key='ctrl+c') >>> TiptopApp(title='Textual Application')
ACTION TiptopApp(title='Textual Application') quit
CLOSED TiptopApp(title='Textual Application')
PROCESS END
CLOSED CPU(name='CPU#1')
CLOSED Net(name='Net#1')
CLOSED InfoLine(name='InfoLine#1')
CLOSED Mem(name='Mem#1')
CLOSED ProcsList(name='ProcsList#1')
